ERC report (2024-12-16T17:28:52+0100, Encoding UTF8)

***** Sheet /

***** Sheet /Power/

***** Sheet /MCU/
[multiple_net_names]: Both MCU_IO_PC14 and PUSH_2 are attached to the same items; MCU_IO_PC14 will be used in the netlist
    ; warning
    @(8000.00 mils, 3350.00 mils): Label 'MCU_IO_PC14'
    @(1950.00 mils, 4850.00 mils): Label 'PUSH_2'
[multiple_net_names]: Both LED_G_2 and MCU_IO_PC3 are attached to the same items; LED_G_2 will be used in the netlist
    ; warning
    @(1950.00 mils, 3850.00 mils): Label 'LED_G_2'
    @(2900.00 mils, 3850.00 mils): Label 'MCU_IO_PC3'
[multiple_net_names]: Both MCU_IO_PC15 and PUSH_3 are attached to the same items; MCU_IO_PC15 will be used in the netlist
    ; warning
    @(2900.00 mils, 4950.00 mils): Label 'MCU_IO_PC15'
    @(1950.00 mils, 4950.00 mils): Label 'PUSH_3'
[multiple_net_names]: Both LED_R_2 and MCU_IO_PC9 are attached to the same items; LED_R_2 will be used in the netlist
    ; warning
    @(1950.00 mils, 4250.00 mils): Label 'LED_R_2'
    @(2900.00 mils, 4250.00 mils): Label 'MCU_IO_PC9'
[multiple_net_names]: Both LED_G_0 and MCU_IO_PC7 are attached to the same items; LED_G_0 will be used in the netlist
    ; warning
    @(1950.00 mils, 4050.00 mils): Label 'LED_G_0'
    @(2900.00 mils, 4050.00 mils): Label 'MCU_IO_PC7'
[multiple_net_names]: Both LED_G_3 and MCU_IO_PC2 are attached to the same items; LED_G_3 will be used in the netlist
    ; warning
    @(1950.00 mils, 3750.00 mils): Label 'LED_G_3'
    @(8000.00 mils, 2150.00 mils): Label 'MCU_IO_PC2'
[multiple_net_names]: Both ADC_CH3 and MCU_ADC2_IN11 are attached to the same items; ADC_CH3 will be used in the netlist
    ; warning
    @(1650.00 mils, 1500.00 mils): Label 'ADC_CH3'
    @(8000.00 mils, 2450.00 mils): Label 'MCU_ADC2_IN11'
[multiple_net_names]: Both ADC_CH2 and MCU_ADC2_IN5 are attached to the same items; ADC_CH2 will be used in the netlist
    ; warning
    @(1650.00 mils, 1400.00 mils): Label 'ADC_CH2'
    @(8000.00 mils, 2350.00 mils): Label 'MCU_ADC2_IN5'
[multiple_net_names]: Both IO_IO14 and MCU_IO_PC0 are attached to the same items; IO_IO14 will be used in the netlist
    ; warning
    @(1650.00 mils, 3500.00 mils): Label 'IO_IO14'
    @(8000.00 mils, 1950.00 mils): Label 'MCU_IO_PC0'
[multiple_net_names]: Both IO_IO15 and MCU_IO_PC1 are attached to the same items; IO_IO15 will be used in the netlist
    ; warning
    @(1650.00 mils, 3600.00 mils): Label 'IO_IO15'
    @(8000.00 mils, 2050.00 mils): Label 'MCU_IO_PC1'
[multiple_net_names]: Both LED_R_3 and MCU_IO_PC8 are attached to the same items; LED_R_3 will be used in the netlist
    ; warning
    @(1950.00 mils, 4150.00 mils): Label 'LED_R_3'
    @(8000.00 mils, 2750.00 mils): Label 'MCU_IO_PC8'
[multiple_net_names]: Both LED_G_1 and MCU_IO_PC6 are attached to the same items; LED_G_1 will be used in the netlist
    ; warning
    @(4750.00 mils, 5950.00 mils): Label 'LED_G_1'
    @(8000.00 mils, 2550.00 mils): Label 'MCU_IO_PC6'
[multiple_net_names]: Both IO_IO8 and MCU_IO_PB9 are attached to the same items; IO_IO8 will be used in the netlist
    ; warning
    @(1650.00 mils, 2900.00 mils): Label 'IO_IO8'
    @(11100.00 mils, 3650.00 mils): Label 'MCU_IO_PB9'
[multiple_net_names]: Both IO_IO5 and MCU_IO_PB5 are attached to the same items; IO_IO5 will be used in the netlist
    ; warning
    @(1650.00 mils, 2600.00 mils): Label 'IO_IO5'
    @(11100.00 mils, 3250.00 mils): Label 'MCU_IO_PB5'
[multiple_net_names]: Both IO_IO12 and MCU_IO_PB13 are attached to the same items; IO_IO12 will be used in the netlist
    ; warning
    @(1650.00 mils, 3300.00 mils): Label 'IO_IO12'
    @(11100.00 mils, 4050.00 mils): Label 'MCU_IO_PB13'
[multiple_net_names]: Both ADC_CH4 and MCU_ADC2_IN12 are attached to the same items; ADC_CH4 will be used in the netlist
    ; warning
    @(1650.00 mils, 1600.00 mils): Label 'ADC_CH4'
    @(11100.00 mils, 2950.00 mils): Label 'MCU_ADC2_IN12'
[multiple_net_names]: Both +3.3V_SYS and MCU_VDDA are attached to the same items; +3.3V_SYS will be used in the netlist
    ; warning
    @(5900.00 mils, 4750.00 mils): Symbol #PWR0317 Pin 1 [Power input, Line]
    @(9850.00 mils, 750.00 mils): Symbol #PWR0335 Pin 1 [Power input, Line]
[multiple_net_names]: Both ADC_CH1 and MCU_ADC2_IN4 are attached to the same items; ADC_CH1 will be used in the netlist
    ; warning
    @(1650.00 mils, 1300.00 mils): Label 'ADC_CH1'
    @(11100.00 mils, 1750.00 mils): Label 'MCU_ADC2_IN4'
[multiple_net_names]: Both ADC_CH5 and MCU_ADC2_IN13 are attached to the same items; ADC_CH5 will be used in the netlist
    ; warning
    @(1650.00 mils, 1700.00 mils): Label 'ADC_CH5'
    @(11100.00 mils, 1550.00 mils): Label 'MCU_ADC2_IN13'
[multiple_net_names]: Both IO_IO0 and MCU_IO_PA0 are attached to the same items; IO_IO0 will be used in the netlist
    ; warning
    @(1650.00 mils, 2100.00 mils): Label 'IO_IO0'
    @(11100.00 mils, 1050.00 mils): Label 'MCU_IO_PA0'
[multiple_net_names]: Both LED_R_1 and MCU_IO_PC10 are attached to the same items; LED_R_1 will be used in the netlist
    ; warning
    @(1950.00 mils, 4350.00 mils): Label 'LED_R_1'
    @(8000.00 mils, 2950.00 mils): Label 'MCU_IO_PC10'
[multiple_net_names]: Both LED_R_0 and MCU_IO_PC11 are attached to the same items; LED_R_0 will be used in the netlist
    ; warning
    @(3950.00 mils, 5850.00 mils): Label 'LED_R_0'
    @(8000.00 mils, 3050.00 mils): Label 'MCU_IO_PC11'
[multiple_net_names]: Both MCU_IO_PC12 and PUSH_0 are attached to the same items; MCU_IO_PC12 will be used in the netlist
    ; warning
    @(8000.00 mils, 3150.00 mils): Label 'MCU_IO_PC12'
    @(3400.00 mils, 3700.00 mils): Label 'PUSH_0'
[multiple_net_names]: Both MCU_IO_PC13 and PUSH_1 are attached to the same items; MCU_IO_PC13 will be used in the netlist
    ; warning
    @(2900.00 mils, 4750.00 mils): Label 'MCU_IO_PC13'
    @(3400.00 mils, 2850.00 mils): Label 'PUSH_1'
[multiple_net_names]: Both MCU_I2C2_SDA and I2C_SDA are attached to the same items; MCU_I2C2_SDA will be used in the netlist
    ; warning
    @(11100.00 mils, 1850.00 mils): Label 'MCU_I2C2_SDA'
    @(1350.00 mils, 900.00 mils): Hierarchical Label 'I2C_SDA'
[multiple_net_names]: Both MCU_USB_D_P and USB_P are attached to the same items; MCU_USB_D_P will be used in the netlist
    ; warning
    @(11100.00 mils, 2250.00 mils): Label 'MCU_USB_D_P'
    @(1350.00 mils, 600.00 mils): Hierarchical Label 'USB_P'
[multiple_net_names]: Both MCU_USB_D_N and USB_N are attached to the same items; MCU_USB_D_N will be used in the netlist
    ; warning
    @(2850.00 mils, 700.00 mils): Label 'MCU_USB_D_N'
    @(1350.00 mils, 700.00 mils): Hierarchical Label 'USB_N'
[multiple_net_names]: Both MCU_I2C2_SCL and I2C_SCL are attached to the same items; MCU_I2C2_SCL will be used in the netlist
    ; warning
    @(11100.00 mils, 1950.00 mils): Label 'MCU_I2C2_SCL'
    @(1350.00 mils, 800.00 mils): Hierarchical Label 'I2C_SCL'
[multiple_net_names]: Both ADC_CH6 and MCU_ADC2_IN15 are attached to the same items; ADC_CH6 will be used in the netlist
    ; warning
    @(1650.00 mils, 1800.00 mils): Label 'ADC_CH6'
    @(2900.00 mils, 1800.00 mils): Label 'MCU_ADC2_IN15'
[multiple_net_names]: Both ADC_CH7 and MCU_ADC2_IN17 are attached to the same items; ADC_CH7 will be used in the netlist
    ; warning
    @(1650.00 mils, 1900.00 mils): Label 'ADC_CH7'
    @(2900.00 mils, 1900.00 mils): Label 'MCU_ADC2_IN17'
[multiple_net_names]: Both IO_IO7 and MCU_IO_PB7 are attached to the same items; IO_IO7 will be used in the netlist
    ; warning
    @(1650.00 mils, 2800.00 mils): Label 'IO_IO7'
    @(2900.00 mils, 2800.00 mils): Label 'MCU_IO_PB7'
[multiple_net_names]: Both IO_IO6 and MCU_IO_PB6 are attached to the same items; IO_IO6 will be used in the netlist
    ; warning
    @(1650.00 mils, 2700.00 mils): Label 'IO_IO6'
    @(2900.00 mils, 2700.00 mils): Label 'MCU_IO_PB6'
[multiple_net_names]: Both ADC_CH0 and MCU_ADC2_IN3 are attached to the same items; ADC_CH0 will be used in the netlist
    ; warning
    @(1650.00 mils, 1200.00 mils): Label 'ADC_CH0'
    @(2900.00 mils, 1200.00 mils): Label 'MCU_ADC2_IN3'
[multiple_net_names]: Both IO_IO4 and MCU_IO_PB1 are attached to the same items; IO_IO4 will be used in the netlist
    ; warning
    @(1650.00 mils, 2500.00 mils): Label 'IO_IO4'
    @(2900.00 mils, 2500.00 mils): Label 'MCU_IO_PB1'
[multiple_net_names]: Both IO_IO2 and MCU_IO_PA10 are attached to the same items; IO_IO2 will be used in the netlist
    ; warning
    @(1650.00 mils, 2300.00 mils): Label 'IO_IO2'
    @(2900.00 mils, 2300.00 mils): Label 'MCU_IO_PA10'
[multiple_net_names]: Both IO_IO3 and MCU_IO_PB0 are attached to the same items; IO_IO3 will be used in the netlist
    ; warning
    @(1650.00 mils, 2400.00 mils): Label 'IO_IO3'
    @(2900.00 mils, 2400.00 mils): Label 'MCU_IO_PB0'
[multiple_net_names]: Both IO_IO1 and MCU_IO_PA1 are attached to the same items; IO_IO1 will be used in the netlist
    ; warning
    @(1650.00 mils, 2200.00 mils): Label 'IO_IO1'
    @(2900.00 mils, 2200.00 mils): Label 'MCU_IO_PA1'
[multiple_net_names]: Both IO_IO9 and MCU_IO_PB10 are attached to the same items; IO_IO9 will be used in the netlist
    ; warning
    @(1650.00 mils, 3000.00 mils): Label 'IO_IO9'
    @(2900.00 mils, 3000.00 mils): Label 'MCU_IO_PB10'
[multiple_net_names]: Both IO_IO11 and MCU_IO_PB12 are attached to the same items; IO_IO11 will be used in the netlist
    ; warning
    @(1650.00 mils, 3200.00 mils): Label 'IO_IO11'
    @(2900.00 mils, 3200.00 mils): Label 'MCU_IO_PB12'
[multiple_net_names]: Both IO_IO10 and MCU_IO_PB11 are attached to the same items; IO_IO10 will be used in the netlist
    ; warning
    @(1650.00 mils, 3100.00 mils): Label 'IO_IO10'
    @(2900.00 mils, 3100.00 mils): Label 'MCU_IO_PB11'
[multiple_net_names]: Both IO_IO13 and MCU_IO_PB14 are attached to the same items; IO_IO13 will be used in the netlist
    ; warning
    @(1650.00 mils, 3400.00 mils): Label 'IO_IO13'
    @(2900.00 mils, 3400.00 mils): Label 'MCU_IO_PB14'

***** Sheet /USB Upstream/

***** Sheet /USB Downstream/

 ** ERC messages: 41  Errors 0  Warnings 41
